# JRE version: OpenJDK Runtime Environment (8.0_112-b15) (build 1.8.0_112-b15)
# Java VM: OpenJDK 64-Bit Server VM (25.112-b15 mixed mode linux-amd64 compressed oops)
Heap:
 PSYoungGen      total 55296K, used 6142K [0x00000000f0f80000, 0x00000000f4b80000, 0x0000000100000000)
  eden space 49152K, 0% used [0x00000000f0f80000,0x00000000f0f80000,0x00000000f3f80000)
  from space 6144K, 99% used [0x00000000f3f80000,0x00000000f457f930,0x00000000f4580000)
  to   space 5632K, 0% used [0x00000000f4600000,0x00000000f4600000,0x00000000f4b80000)
 ParOldGen       total 31744K, used 12082K [0x00000000d2e00000, 0x00000000d4d00000, 0x00000000f0f80000)
  object space 31744K, 38% used [0x00000000d2e00000,0x00000000d39ccb08,0x00000000d4d00000)
 Metaspace       used 20926K, capacity 21128K, committed 21296K, reserved 1069056K
  class space    used 2529K, capacity 2601K, committed 2688K, reserved 1048576K
GC Heap History (10 events):
Event: 2,525 GC heap after
Heap after GC invocations=2 (full 0):
 PSYoungGen      total 13824K, used 1520K [0x00000000f0f80000, 0x00000000f1e80000, 0x0000000100000000)
  eden space 12288K, 0% used [0x00000000f0f80000,0x00000000f0f80000,0x00000000f1b80000)
  from space 1536K, 98% used [0x00000000f1d00000,0x00000000f1e7c010,0x00000000f1e80000)
  to   space 1536K, 0% used [0x00000000f1b80000,0x00000000f1b80000,0x00000000f1d00000)
 ParOldGen       total 31744K, used 1940K [0x00000000d2e00000, 0x00000000d4d00000, 0x00000000f0f80000)
  object space 31744K, 6% used [0x00000000d2e00000,0x00000000d2fe52f8,0x00000000d4d00000)
 Metaspace       used 7810K, capacity 7902K, committed 8192K, reserved 1056768K
  class space    used 910K, capacity 951K, committed 1024K, reserved 1048576K
}
Event: 3,248 GC heap before
{Heap before GC invocations=3 (full 0):
 PSYoungGen      total 13824K, used 13808K [0x00000000f0f80000, 0x00000000f1e80000, 0x0000000100000000)
  eden space 12288K, 100% used [0x00000000f0f80000,0x00000000f1b80000,0x00000000f1b80000)
  from space 1536K, 98% used [0x00000000f1d00000,0x00000000f1e7c010,0x00000000f1e80000)
  to   space 1536K, 0% used [0x00000000f1b80000,0x00000000f1b80000,0x00000000f1d00000)
 ParOldGen       total 31744K, used 1944K [0x00000000d2e00000, 0x00000000d4d00000, 0x00000000f0f80000)
  object space 31744K, 6% used [0x00000000d2e00000,0x00000000d2fe6308,0x00000000d4d00000)
 Metaspace       used 9526K, capacity 9662K, committed 9728K, reserved 1058816K
  class space    used 1179K, capacity 1239K, committed 1280K, reserved 1048576K
Event: 3,267 GC heap after
Heap after GC invocations=3 (full 0):
 PSYoungGen      total 13824K, used 1536K [0x00000000f0f80000, 0x00000000f2a80000, 0x0000000100000000)
  eden space 12288K, 0% used [0x00000000f0f80000,0x00000000f0f80000,0x00000000f1b80000)
  from space 1536K, 100% used [0x00000000f1b80000,0x00000000f1d00000,0x00000000f1d00000)
  to   space 1536K, 0% used [0x00000000f2900000,0x00000000f2900000,0x00000000f2a80000)
 ParOldGen       total 31744K, used 4252K [0x00000000d2e00000, 0x00000000d4d00000, 0x00000000f0f80000)
  object space 31744K, 13% used [0x00000000d2e00000,0x00000000d32272c0,0x00000000d4d00000)
 Metaspace       used 9526K, capacity 9662K, committed 9728K, reserved 1058816K
  class space    used 1179K, capacity 1239K, committed 1280K, reserved 1048576K
}
Event: 3,660 GC heap before
{Heap before GC invocations=4 (full 0):
 PSYoungGen      total 13824K, used 13824K [0x00000000f0f80000, 0x00000000f2a80000, 0x0000000100000000)
  eden space 12288K, 100% used [0x00000000f0f80000,0x00000000f1b80000,0x00000000f1b80000)
  from space 1536K, 100% used [0x00000000f1b80000,0x00000000f1d00000,0x00000000f1d00000)
  to   space 1536K, 0% used [0x00000000f2900000,0x00000000f2900000,0x00000000f2a80000)
 ParOldGen       total 31744K, used 4263K [0x00000000d2e00000, 0x00000000d4d00000, 0x00000000f0f80000)
  object space 31744K, 13% used [0x00000000d2e00000,0x00000000d3229f10,0x00000000d4d00000)
 Metaspace       used 11042K, capacity 11166K, committed 11392K, reserved 1058816K
  class space    used 1373K, capacity 1399K, committed 1408K, reserved 1048576K
Event: 3,679 GC heap after
Heap after GC invocations=4 (full 0):
 PSYoungGen      total 26112K, used 1504K [0x00000000f0f80000, 0x00000000f2a80000, 0x0000000100000000)
  eden space 24576K, 0% used [0x00000000f0f80000,0x00000000f0f80000,0x00000000f2780000)
  from space 1536K, 97% used [0x00000000f2900000,0x00000000f2a78020,0x00000000f2a80000)
  to   space 1536K, 0% used [0x00000000f2780000,0x00000000f2780000,0x00000000f2900000)
 ParOldGen       total 31744K, used 7833K [0x00000000d2e00000, 0x00000000d4d00000, 0x00000000f0f80000)
  object space 31744K, 24% used [0x00000000d2e00000,0x00000000d35a6510,0x00000000d4d00000)
 Metaspace       used 11042K, capacity 11166K, committed 11392K, reserved 1058816K
  class space    used 1373K, capacity 1399K, committed 1408K, reserved 1048576K
}
Event: 4,801 GC heap before
{Heap before GC invocations=5 (full 0):
 PSYoungGen      total 26112K, used 26080K [0x00000000f0f80000, 0x00000000f2a80000, 0x0000000100000000)
  eden space 24576K, 100% used [0x00000000f0f80000,0x00000000f2780000,0x00000000f2780000)
  from space 1536K, 97% used [0x00000000f2900000,0x00000000f2a78020,0x00000000f2a80000)
  to   space 1536K, 0% used [0x00000000f2780000,0x00000000f2780000,0x00000000f2900000)
 ParOldGen       total 31744K, used 7833K [0x00000000d2e00000, 0x00000000d4d00000, 0x00000000f0f80000)
  object space 31744K, 24% used [0x00000000d2e00000,0x00000000d35a6510,0x00000000d4d00000)
 Metaspace       used 14359K, capacity 14468K, committed 14592K, reserved 1062912K
  class space    used 1737K, capacity 1752K, committed 1792K, reserved 1048576K
Event: 4,827 GC heap after
Heap after GC invocations=5 (full 0):
 PSYoungGen      total 26112K, used 1520K [0x00000000f0f80000, 0x00000000f4c80000, 0x0000000100000000)
  eden space 24576K, 0% used [0x00000000f0f80000,0x00000000f0f80000,0x00000000f2780000)
  from space 1536K, 98% used [0x00000000f2780000,0x00000000f28fc030,0x00000000f2900000)
  to   space 6656K, 0% used [0x00000000f4600000,0x00000000f4600000,0x00000000f4c80000)
 ParOldGen       total 31744K, used 11357K [0x00000000d2e00000, 0x00000000d4d00000, 0x00000000f0f80000)
  object space 31744K, 35% used [0x00000000d2e00000,0x00000000d3917708,0x00000000d4d00000)
 Metaspace       used 14359K, capacity 14468K, committed 14592K, reserved 1062912K
  class space    used 1737K, capacity 1752K, committed 1792K, reserved 1048576K
}
Event: 6,237 GC heap before
{Heap before GC invocations=6 (full 0):
 PSYoungGen      total 26112K, used 26096K [0x00000000f0f80000, 0x00000000f4c80000, 0x0000000100000000)
  eden space 24576K, 100% used [0x00000000f0f80000,0x00000000f2780000,0x00000000f2780000)
  from space 1536K, 98% used [0x00000000f2780000,0x00000000f28fc030,0x00000000f2900000)
  to   space 6656K, 0% used [0x00000000f4600000,0x00000000f4600000,0x00000000f4c80000)
 ParOldGen       total 31744K, used 11357K [0x00000000d2e00000, 0x00000000d4d00000, 0x00000000f0f80000)
  object space 31744K, 35% used [0x00000000d2e00000,0x00000000d3917708,0x00000000d4d00000)
 Metaspace       used 16589K, capacity 16800K, committed 16896K, reserved 1064960K
  class space    used 1988K, capacity 2034K, committed 2048K, reserved 1048576K
Event: 6,268 GC heap after
Heap after GC invocations=6 (full 0):
 PSYoungGen      total 54784K, used 4090K [0x00000000f0f80000, 0x00000000f4b80000, 0x0000000100000000)
  eden space 49152K, 0% used [0x00000000f0f80000,0x00000000f0f80000,0x00000000f3f80000)
  from space 5632K, 72% used [0x00000000f4600000,0x00000000f49fe9a0,0x00000000f4b80000)
  to   space 6144K, 0% used [0x00000000f3f80000,0x00000000f3f80000,0x00000000f4580000)
 ParOldGen       total 31744K, used 11365K [0x00000000d2e00000, 0x00000000d4d00000, 0x00000000f0f80000)
  object space 31744K, 35% used [0x00000000d2e00000,0x00000000d3919708,0x00000000d4d00000)
 Metaspace       used 16589K, capacity 16800K, committed 16896K, reserved 1064960K
  class space    used 1988K, capacity 2034K, committed 2048K, reserved 1048576K
}
Event: 77,827 GC heap before
{Heap before GC invocations=7 (full 0):
 PSYoungGen      total 54784K, used 41100K [0x00000000f0f80000, 0x00000000f4b80000, 0x0000000100000000)
  eden space 49152K, 75% used [0x00000000f0f80000,0x00000000f33a49d8,0x00000000f3f80000)
  from space 5632K, 72% used [0x00000000f4600000,0x00000000f49fe9a0,0x00000000f4b80000)
  to   space 6144K, 0% used [0x00000000f3f80000,0x00000000f3f80000,0x00000000f4580000)
 ParOldGen       total 31744K, used 11365K [0x00000000d2e00000, 0x00000000d4d00000, 0x00000000f0f80000)
  object space 31744K, 35% used [0x00000000d2e00000,0x00000000d3919708,0x00000000d4d00000)
 Metaspace       used 20926K, capacity 21128K, committed 21296K, reserved 1069056K
  class space    used 2529K, capacity 2601K, committed 2688K, reserved 1048576K

